This file contains any messages produced by compilers while
running configure, to aid debugging if configure makes a mistake.

It was created by asio configure 1.10.8, which was
generated by GNU Autoconf 2.69.  Invocation command line was

  $ ./configure 

## --------- ##
## Platform. ##
## --------- ##

hostname = maestro-pc
uname -m = x86_64
uname -r = 4.10.0-26-generic
uname -s = Linux
uname -v = #30-Ubuntu SMP Tue Jun 27 09:30:12 UTC 2017

/usr/bin/uname -p = unknown
/bin/uname -X     = unknown

/bin/arch              = unknown
/usr/bin/arch -k       = unknown
/usr/convex/getsysinfo = unknown
/usr/bin/hostinfo      = unknown
/bin/machine           = unknown
/usr/bin/oslevel       = unknown
/bin/universe          = unknown

PATH: /usr/local/sbin
PATH: /usr/local/bin
PATH: /usr/sbin
PATH: /usr/bin
PATH: /sbin
PATH: /bin
PATH: /usr/games
PATH: /usr/local/games
PATH: /snap/bin


## ----------- ##
## Core tests. ##
## ----------- ##

configure:2128: checking whether to enable maintainer-specific portions of Makefiles
configure:2137: result: no
configure:2195: checking for a BSD-compatible install
configure:2263: result: /usr/bin/install -c
configure:2274: checking whether build environment is sane
configure:2329: result: yes
configure:2480: checking for a thread-safe mkdir -p
configure:2519: result: /bin/mkdir -p
configure:2526: checking for gawk
configure:2556: result: no
configure:2526: checking for mawk
configure:2542: found /usr/bin/mawk
configure:2553: result: mawk
configure:2564: checking whether make sets $(MAKE)
configure:2586: result: yes
configure:2615: checking whether make supports nested variables
configure:2632: result: yes
configure:2721: checking whether UID '1000' is supported by ustar format
configure:2724: result: yes
configure:2731: checking whether GID '1000' is supported by ustar format
configure:2734: result: yes
configure:2742: checking how to create a ustar tar archive
configure:2753: tar --version
tar (GNU tar) 1.29
Copyright (C) 2015 Free Software Foundation, Inc.
License GPLv3+: GNU GPL version 3 or later <http://gnu.org/licenses/gpl.html>.
This is free software: you are free to change and redistribute it.
There is NO WARRANTY, to the extent permitted by law.

Written by John Gilmore and Jay Fenlason.
configure:2756: $? = 0
configure:2796: tardir=conftest.dir && eval tar --format=ustar -chf - "$tardir" >conftest.tar
configure:2799: $? = 0
configure:2803: tar -xf - <conftest.tar
configure:2806: $? = 0
configure:2808: cat conftest.dir/file
GrepMe
configure:2811: $? = 0
configure:2824: result: gnutar
configure:2879: checking build system type
configure:2893: result: x86_64-unknown-linux-gnu
configure:2913: checking host system type
configure:2926: result: x86_64-unknown-linux-gnu
configure:2958: checking for style of include used by make
configure:2986: result: GNU
configure:3057: checking for gcc
configure:3073: found /usr/bin/gcc
configure:3084: result: gcc
configure:3313: checking for C compiler version
configure:3322: gcc --version >&5
gcc (Ubuntu 6.3.0-12ubuntu2) 6.3.0 20170406
Copyright (C) 2016 Free Software Foundation, Inc.
This is free software; see the source for copying conditions.  There is NO
warranty; not even for MERCHANTABILITY or FITNESS FOR A PARTICULAR PURPOSE.

configure:3333: $? = 0
configure:3322: gcc -v >&5
Using built-in specs.
COLLECT_GCC=gcc
COLLECT_LTO_WRAPPER=/usr/lib/gcc/x86_64-linux-gnu/6/lto-wrapper
Target: x86_64-linux-gnu
Configured with: ../src/configure -v --with-pkgversion='Ubuntu 6.3.0-12ubuntu2' --with-bugurl=file:///usr/share/doc/gcc-6/README.Bugs --enable-languages=c,ada,c++,java,go,d,fortran,objc,obj-c++ --prefix=/usr --program-suffix=-6 --program-prefix=x86_64-linux-gnu- --enable-shared --enable-linker-build-id --libexecdir=/usr/lib --without-included-gettext --enable-threads=posix --libdir=/usr/lib --enable-nls --with-sysroot=/ --enable-clocale=gnu --enable-libstdcxx-debug --enable-libstdcxx-time=yes --with-default-libstdcxx-abi=new --enable-gnu-unique-object --disable-vtable-verify --enable-libmpx --enable-plugin --enable-default-pie --with-system-zlib --disable-browser-plugin --enable-java-awt=gtk --enable-gtk-cairo --with-java-home=/usr/lib/jvm/java-1.5.0-gcj-6-amd64/jre --enable-java-home --with-jvm-root-dir=/usr/lib/jvm/java-1.5.0-gcj-6-amd64 --with-jvm-jar-dir=/usr/lib/jvm-exports/java-1.5.0-gcj-6-amd64 --with-arch-directory=amd64 --with-ecj-jar=/usr/share/java/eclipse-ecj.jar --with-target-system-zlib --enable-objc-gc=auto --enable-multiarch --disable-werror --with-arch-32=i686 --with-abi=m64 --with-multilib-list=m32,m64,mx32 --enable-multilib --with-tune=generic --enable-checking=release --build=x86_64-linux-gnu --host=x86_64-linux-gnu --target=x86_64-linux-gnu
Thread model: posix
gcc version 6.3.0 20170406 (Ubuntu 6.3.0-12ubuntu2) 
configure:3333: $? = 0
configure:3322: gcc -V >&5
gcc: error: unrecognized command line option '-V'
gcc: fatal error: no input files
compilation terminated.
configure:3333: $? = 1
configure:3322: gcc -qversion >&5
gcc: error: unrecognized command line option '-qversion'; did you mean '--version'?
gcc: fatal error: no input files
compilation terminated.
configure:3333: $? = 1
configure:3353: checking whether the C compiler works
configure:3375: gcc    conftest.c  >&5
configure:3379: $? = 0
configure:3427: result: yes
configure:3430: checking for C compiler default output file name
configure:3432: result: a.out
configure:3438: checking for suffix of executables
configure:3445: gcc -o conftest    conftest.c  >&5
configure:3449: $? = 0
configure:3471: result: 
configure:3493: checking whether we are cross compiling
configure:3501: gcc -o conftest    conftest.c  >&5
configure:3505: $? = 0
configure:3512: ./conftest
configure:3516: $? = 0
configure:3531: result: no
configure:3536: checking for suffix of object files
configure:3558: gcc -c   conftest.c >&5
configure:3562: $? = 0
configure:3583: result: o
configure:3587: checking whether we are using the GNU C compiler
configure:3606: gcc -c   conftest.c >&5
configure:3606: $? = 0
configure:3615: result: yes
configure:3624: checking whether gcc accepts -g
configure:3644: gcc -c -g  conftest.c >&5
configure:3644: $? = 0
configure:3685: result: yes
configure:3702: checking for gcc option to accept ISO C89
configure:3765: gcc  -c -g -O2  conftest.c >&5
configure:3765: $? = 0
configure:3778: result: none needed
configure:3803: checking whether gcc understands -c and -o together
configure:3825: gcc -c conftest.c -o conftest2.o
configure:3828: $? = 0
configure:3825: gcc -c conftest.c -o conftest2.o
configure:3828: $? = 0
configure:3840: result: yes
configure:3859: checking dependency style of gcc
configure:3970: result: gcc3
configure:4044: checking for g++
configure:4060: found /usr/bin/g++
configure:4071: result: g++
configure:4098: checking for C++ compiler version
configure:4107: g++ --version >&5
g++ (Ubuntu 6.3.0-12ubuntu2) 6.3.0 20170406
Copyright (C) 2016 Free Software Foundation, Inc.
This is free software; see the source for copying conditions.  There is NO
warranty; not even for MERCHANTABILITY or FITNESS FOR A PARTICULAR PURPOSE.

configure:4118: $? = 0
configure:4107: g++ -v >&5
Using built-in specs.
COLLECT_GCC=g++
COLLECT_LTO_WRAPPER=/usr/lib/gcc/x86_64-linux-gnu/6/lto-wrapper
Target: x86_64-linux-gnu
Configured with: ../src/configure -v --with-pkgversion='Ubuntu 6.3.0-12ubuntu2' --with-bugurl=file:///usr/share/doc/gcc-6/README.Bugs --enable-languages=c,ada,c++,java,go,d,fortran,objc,obj-c++ --prefix=/usr --program-suffix=-6 --program-prefix=x86_64-linux-gnu- --enable-shared --enable-linker-build-id --libexecdir=/usr/lib --without-included-gettext --enable-threads=posix --libdir=/usr/lib --enable-nls --with-sysroot=/ --enable-clocale=gnu --enable-libstdcxx-debug --enable-libstdcxx-time=yes --with-default-libstdcxx-abi=new --enable-gnu-unique-object --disable-vtable-verify --enable-libmpx --enable-plugin --enable-default-pie --with-system-zlib --disable-browser-plugin --enable-java-awt=gtk --enable-gtk-cairo --with-java-home=/usr/lib/jvm/java-1.5.0-gcj-6-amd64/jre --enable-java-home --with-jvm-root-dir=/usr/lib/jvm/java-1.5.0-gcj-6-amd64 --with-jvm-jar-dir=/usr/lib/jvm-exports/java-1.5.0-gcj-6-amd64 --with-arch-directory=amd64 --with-ecj-jar=/usr/share/java/eclipse-ecj.jar --with-target-system-zlib --enable-objc-gc=auto --enable-multiarch --disable-werror --with-arch-32=i686 --with-abi=m64 --with-multilib-list=m32,m64,mx32 --enable-multilib --with-tune=generic --enable-checking=release --build=x86_64-linux-gnu --host=x86_64-linux-gnu --target=x86_64-linux-gnu
Thread model: posix
gcc version 6.3.0 20170406 (Ubuntu 6.3.0-12ubuntu2) 
configure:4118: $? = 0
configure:4107: g++ -V >&5
g++: error: unrecognized command line option '-V'
g++: fatal error: no input files
compilation terminated.
configure:4118: $? = 1
configure:4107: g++ -qversion >&5
g++: error: unrecognized command line option '-qversion'; did you mean '--version'?
g++: fatal error: no input files
compilation terminated.
configure:4118: $? = 1
configure:4122: checking whether we are using the GNU C++ compiler
configure:4141: g++ -c   conftest.cpp >&5
configure:4141: $? = 0
configure:4150: result: yes
configure:4159: checking whether g++ accepts -g
configure:4179: g++ -c -g  conftest.cpp >&5
configure:4179: $? = 0
configure:4220: result: yes
configure:4245: checking dependency style of g++
configure:4356: result: gcc3
configure:4420: checking for ranlib
configure:4436: found /usr/bin/ranlib
configure:4447: result: ranlib
configure:4645: checking how to run the C++ preprocessor
configure:4672: g++ -E  conftest.cpp
configure:4672: $? = 0
configure:4686: g++ -E  conftest.cpp
conftest.cpp:12:28: fatal error: ac_nonexistent.h: No such file or directory
 #include <ac_nonexistent.h>
                            ^
compilation terminated.
configure:4686: $? = 1
configure: failed program was:
| /* confdefs.h */
| #define PACKAGE_NAME "asio"
| #define PACKAGE_TARNAME "asio"
| #define PACKAGE_VERSION "1.10.8"
| #define PACKAGE_STRING "asio 1.10.8"
| #define PACKAGE_BUGREPORT ""
| #define PACKAGE_URL ""
| #define PACKAGE "asio"
| #define VERSION "1.10.8"
| #define _REENTRANT 1
| /* end confdefs.h.  */
| #include <ac_nonexistent.h>
configure:4711: result: g++ -E
configure:4731: g++ -E  conftest.cpp
configure:4731: $? = 0
configure:4745: g++ -E  conftest.cpp
conftest.cpp:12:28: fatal error: ac_nonexistent.h: No such file or directory
 #include <ac_nonexistent.h>
                            ^
compilation terminated.
configure:4745: $? = 1
configure: failed program was:
| /* confdefs.h */
| #define PACKAGE_NAME "asio"
| #define PACKAGE_TARNAME "asio"
| #define PACKAGE_VERSION "1.10.8"
| #define PACKAGE_STRING "asio 1.10.8"
| #define PACKAGE_BUGREPORT ""
| #define PACKAGE_URL ""
| #define PACKAGE "asio"
| #define VERSION "1.10.8"
| #define _REENTRANT 1
| /* end confdefs.h.  */
| #include <ac_nonexistent.h>
configure:4774: checking for grep that handles long lines and -e
configure:4832: result: /bin/grep
configure:4837: checking for egrep
configure:4899: result: /bin/grep -E
configure:4904: checking for ANSI C header files
configure:4924: g++ -c -g -O2  conftest.cpp >&5
configure:4924: $? = 0
configure:4997: g++ -o conftest -g -O2   conftest.cpp  >&5
configure:4997: $? = 0
configure:4997: ./conftest
configure:4997: $? = 0
configure:5008: result: yes
configure:5021: checking for sys/types.h
configure:5021: g++ -c -g -O2  conftest.cpp >&5
configure:5021: $? = 0
configure:5021: result: yes
configure:5021: checking for sys/stat.h
configure:5021: g++ -c -g -O2  conftest.cpp >&5
configure:5021: $? = 0
configure:5021: result: yes
configure:5021: checking for stdlib.h
configure:5021: g++ -c -g -O2  conftest.cpp >&5
configure:5021: $? = 0
configure:5021: result: yes
configure:5021: checking for string.h
configure:5021: g++ -c -g -O2  conftest.cpp >&5
configure:5021: $? = 0
configure:5021: result: yes
configure:5021: checking for memory.h
configure:5021: g++ -c -g -O2  conftest.cpp >&5
configure:5021: $? = 0
configure:5021: result: yes
configure:5021: checking for strings.h
configure:5021: g++ -c -g -O2  conftest.cpp >&5
configure:5021: $? = 0
configure:5021: result: yes
configure:5021: checking for inttypes.h
configure:5021: g++ -c -g -O2  conftest.cpp >&5
configure:5021: $? = 0
configure:5021: result: yes
configure:5021: checking for stdint.h
configure:5021: g++ -c -g -O2  conftest.cpp >&5
configure:5021: $? = 0
configure:5021: result: yes
configure:5021: checking for unistd.h
configure:5021: g++ -c -g -O2  conftest.cpp >&5
configure:5021: $? = 0
configure:5021: result: yes
configure:5033: checking boost/noncopyable.hpp usability
configure:5033: g++ -c -g -O2  conftest.cpp >&5
configure:5033: $? = 0
configure:5033: result: yes
configure:5033: checking boost/noncopyable.hpp presence
configure:5033: g++ -E  conftest.cpp
configure:5033: $? = 0
configure:5033: result: yes
configure:5033: checking for boost/noncopyable.hpp
configure:5033: result: yes
configure:5056: checking openssl/ssl.h usability
configure:5056: g++ -c -g -O2  conftest.cpp >&5
conftest.cpp:55:25: fatal error: openssl/ssl.h: No such file or directory
 #include <openssl/ssl.h>
                         ^
compilation terminated.
configure:5056: $? = 1
configure: failed program was:
| /* confdefs.h */
| #define PACKAGE_NAME "asio"
| #define PACKAGE_TARNAME "asio"
| #define PACKAGE_VERSION "1.10.8"
| #define PACKAGE_STRING "asio 1.10.8"
| #define PACKAGE_BUGREPORT ""
| #define PACKAGE_URL ""
| #define PACKAGE "asio"
| #define VERSION "1.10.8"
| #define _REENTRANT 1
| #define STDC_HEADERS 1
| #define HAVE_SYS_TYPES_H 1
| #define HAVE_SYS_STAT_H 1
| #define HAVE_STDLIB_H 1
| #define HAVE_STRING_H 1
| #define HAVE_MEMORY_H 1
| #define HAVE_STRINGS_H 1
| #define HAVE_INTTYPES_H 1
| #define HAVE_STDINT_H 1
| #define HAVE_UNISTD_H 1
| /* end confdefs.h.  */
| #include <stdio.h>
| #ifdef HAVE_SYS_TYPES_H
| # include <sys/types.h>
| #endif
| #ifdef HAVE_SYS_STAT_H
| # include <sys/stat.h>
| #endif
| #ifdef STDC_HEADERS
| # include <stdlib.h>
| # include <stddef.h>
| #else
| # ifdef HAVE_STDLIB_H
| #  include <stdlib.h>
| # endif
| #endif
| #ifdef HAVE_STRING_H
| # if !defined STDC_HEADERS && defined HAVE_MEMORY_H
| #  include <memory.h>
| # endif
| # include <string.h>
| #endif
| #ifdef HAVE_STRINGS_H
| # include <strings.h>
| #endif
| #ifdef HAVE_INTTYPES_H
| # include <inttypes.h>
| #endif
| #ifdef HAVE_STDINT_H
| # include <stdint.h>
| #endif
| #ifdef HAVE_UNISTD_H
| # include <unistd.h>
| #endif
| #include <openssl/ssl.h>
configure:5056: result: no
configure:5056: checking openssl/ssl.h presence
configure:5056: g++ -E  conftest.cpp
conftest.cpp:22:25: fatal error: openssl/ssl.h: No such file or directory
 #include <openssl/ssl.h>
                         ^
compilation terminated.
configure:5056: $? = 1
configure: failed program was:
| /* confdefs.h */
| #define PACKAGE_NAME "asio"
| #define PACKAGE_TARNAME "asio"
| #define PACKAGE_VERSION "1.10.8"
| #define PACKAGE_STRING "asio 1.10.8"
| #define PACKAGE_BUGREPORT ""
| #define PACKAGE_URL ""
| #define PACKAGE "asio"
| #define VERSION "1.10.8"
| #define _REENTRANT 1
| #define STDC_HEADERS 1
| #define HAVE_SYS_TYPES_H 1
| #define HAVE_SYS_STAT_H 1
| #define HAVE_STDLIB_H 1
| #define HAVE_STRING_H 1
| #define HAVE_MEMORY_H 1
| #define HAVE_STRINGS_H 1
| #define HAVE_INTTYPES_H 1
| #define HAVE_STDINT_H 1
| #define HAVE_UNISTD_H 1
| /* end confdefs.h.  */
| #include <openssl/ssl.h>
configure:5056: result: no
configure:5056: checking for openssl/ssl.h
configure:5056: result: no
configure:5322: checking that generated files are newer than configure
configure:5328: result: done
configure:5375: creating ./config.status

## ---------------------- ##
## Running config.status. ##
## ---------------------- ##

This file was extended by asio config.status 1.10.8, which was
generated by GNU Autoconf 2.69.  Invocation command line was

  CONFIG_FILES    = 
  CONFIG_HEADERS  = 
  CONFIG_LINKS    = 
  CONFIG_COMMANDS = 
  $ ./config.status 

on maestro-pc

config.status:810: creating Makefile
config.status:810: creating include/Makefile
config.status:810: creating src/Makefile
config.status:810: creating src/tests/Makefile
config.status:810: creating src/examples/cpp03/Makefile
config.status:810: creating src/examples/cpp11/Makefile
config.status:982: executing depfiles commands

## ---------------- ##
## Cache variables. ##
## ---------------- ##

ac_cv_build=x86_64-unknown-linux-gnu
ac_cv_c_compiler_gnu=yes
ac_cv_cxx_compiler_gnu=yes
ac_cv_env_CCC_set=
ac_cv_env_CCC_value=
ac_cv_env_CC_set=
ac_cv_env_CC_value=
ac_cv_env_CFLAGS_set=
ac_cv_env_CFLAGS_value=
ac_cv_env_CPPFLAGS_set=
ac_cv_env_CPPFLAGS_value=
ac_cv_env_CXXCPP_set=
ac_cv_env_CXXCPP_value=
ac_cv_env_CXXFLAGS_set=
ac_cv_env_CXXFLAGS_value=
ac_cv_env_CXX_set=
ac_cv_env_CXX_value=
ac_cv_env_LDFLAGS_set=
ac_cv_env_LDFLAGS_value=
ac_cv_env_LIBS_set=
ac_cv_env_LIBS_value=
ac_cv_env_build_alias_set=
ac_cv_env_build_alias_value=
ac_cv_env_host_alias_set=
ac_cv_env_host_alias_value=
ac_cv_env_target_alias_set=
ac_cv_env_target_alias_value=
ac_cv_header_boost_noncopyable_hpp=yes
ac_cv_header_inttypes_h=yes
ac_cv_header_memory_h=yes
ac_cv_header_openssl_ssl_h=no
ac_cv_header_stdc=yes
ac_cv_header_stdint_h=yes
ac_cv_header_stdlib_h=yes
ac_cv_header_string_h=yes
ac_cv_header_strings_h=yes
ac_cv_header_sys_stat_h=yes
ac_cv_header_sys_types_h=yes
ac_cv_header_unistd_h=yes
ac_cv_host=x86_64-unknown-linux-gnu
ac_cv_objext=o
ac_cv_path_EGREP='/bin/grep -E'
ac_cv_path_GREP=/bin/grep
ac_cv_path_install='/usr/bin/install -c'
ac_cv_path_mkdir=/bin/mkdir
ac_cv_prog_AWK=mawk
ac_cv_prog_CXXCPP='g++ -E'
ac_cv_prog_ac_ct_CC=gcc
ac_cv_prog_ac_ct_CXX=g++
ac_cv_prog_ac_ct_RANLIB=ranlib
ac_cv_prog_cc_c89=
ac_cv_prog_cc_g=yes
ac_cv_prog_cxx_g=yes
ac_cv_prog_make_make_set=yes
am_cv_CC_dependencies_compiler_type=gcc3
am_cv_CXX_dependencies_compiler_type=gcc3
am_cv_make_support_nested_variables=yes
am_cv_prog_cc_c_o=yes
am_cv_prog_tar_ustar=gnutar

## ----------------- ##
## Output variables. ##
## ----------------- ##

ACLOCAL='${SHELL} /home/maestro/Downloads/asio-1.10.8/missing aclocal-1.15'
AMDEPBACKSLASH='\'
AMDEP_FALSE='#'
AMDEP_TRUE=''
AMTAR='$${TAR-tar}'
AM_BACKSLASH='\'
AM_DEFAULT_V='$(AM_DEFAULT_VERBOSITY)'
AM_DEFAULT_VERBOSITY='1'
AM_V='$(V)'
AUTOCONF='${SHELL} /home/maestro/Downloads/asio-1.10.8/missing autoconf'
AUTOHEADER='${SHELL} /home/maestro/Downloads/asio-1.10.8/missing autoheader'
AUTOMAKE='${SHELL} /home/maestro/Downloads/asio-1.10.8/missing automake-1.15'
AWK='mawk'
CC='gcc'
CCDEPMODE='depmode=gcc3'
CFLAGS='-g -O2'
CPPFLAGS=''
CXX='g++'
CXXCPP='g++ -E'
CXXDEPMODE='depmode=gcc3'
CXXFLAGS='-g -O2 -pthread -ftemplate-depth-256'
CYGPATH_W='echo'
DEFS='-DPACKAGE_NAME=\"asio\" -DPACKAGE_TARNAME=\"asio\" -DPACKAGE_VERSION=\"1.10.8\" -DPACKAGE_STRING=\"asio\ 1.10.8\" -DPACKAGE_BUGREPORT=\"\" -DPACKAGE_URL=\"\" -DPACKAGE=\"asio\" -DVERSION=\"1.10.8\" -D_REENTRANT=1 -DSTDC_HEADERS=1 -DHAVE_SYS_TYPES_H=1 -DHAVE_SYS_STAT_H=1 -DHAVE_STDLIB_H=1 -DHAVE_STRING_H=1 -DHAVE_MEMORY_H=1 -DHAVE_STRINGS_H=1 -DHAVE_INTTYPES_H=1 -DHAVE_STDINT_H=1 -DHAVE_UNISTD_H=1'
DEPDIR='.deps'
ECHO_C=''
ECHO_N='-n'
ECHO_T=''
EGREP='/bin/grep -E'
EXEEXT=''
GREP='/bin/grep'
HAVE_BOOST_COROUTINE_FALSE=''
HAVE_BOOST_COROUTINE_TRUE='#'
HAVE_OPENSSL_FALSE=''
HAVE_OPENSSL_TRUE='#'
INSTALL_DATA='${INSTALL} -m 644'
INSTALL_PROGRAM='${INSTALL}'
INSTALL_SCRIPT='${INSTALL}'
INSTALL_STRIP_PROGRAM='$(install_sh) -c -s'
LDFLAGS=' -pthread'
LIBOBJS=''
LIBS=''
LTLIBOBJS=''
MAINT='#'
MAINTAINER_MODE_FALSE=''
MAINTAINER_MODE_TRUE='#'
MAKEINFO='${SHELL} /home/maestro/Downloads/asio-1.10.8/missing makeinfo'
MKDIR_P='/bin/mkdir -p'
OBJEXT='o'
PACKAGE='asio'
PACKAGE_BUGREPORT=''
PACKAGE_NAME='asio'
PACKAGE_STRING='asio 1.10.8'
PACKAGE_TARNAME='asio'
PACKAGE_URL=''
PACKAGE_VERSION='1.10.8'
PATH_SEPARATOR=':'
RANLIB='ranlib'
SEPARATE_COMPILATION_FALSE=''
SEPARATE_COMPILATION_TRUE='#'
SET_MAKE=''
SHELL='/bin/bash'
STANDALONE_FALSE=''
STANDALONE_TRUE='#'
STRIP=''
VERSION='1.10.8'
WINDOWS_TARGET_FALSE=''
WINDOWS_TARGET_TRUE='#'
ac_ct_CC='gcc'
ac_ct_CXX='g++'
am__EXEEXT_FALSE=''
am__EXEEXT_TRUE='#'
am__fastdepCC_FALSE='#'
am__fastdepCC_TRUE=''
am__fastdepCXX_FALSE='#'
am__fastdepCXX_TRUE=''
am__include='include'
am__isrc=''
am__leading_dot='.'
am__nodep='_no'
am__quote=''
am__tar='tar --format=ustar -chf - "$$tardir"'
am__untar='tar -xf -'
bindir='${exec_prefix}/bin'
build='x86_64-unknown-linux-gnu'
build_alias=''
build_cpu='x86_64'
build_os='linux-gnu'
build_vendor='unknown'
datadir='${datarootdir}'
datarootdir='${prefix}/share'
docdir='${datarootdir}/doc/${PACKAGE_TARNAME}'
dvidir='${docdir}'
exec_prefix='${prefix}'
host='x86_64-unknown-linux-gnu'
host_alias=''
host_cpu='x86_64'
host_os='linux-gnu'
host_vendor='unknown'
htmldir='${docdir}'
includedir='${prefix}/include'
infodir='${datarootdir}/info'
install_sh='${SHELL} /home/maestro/Downloads/asio-1.10.8/install-sh'
libdir='${exec_prefix}/lib'
libexecdir='${exec_prefix}/libexec'
localedir='${datarootdir}/locale'
localstatedir='${prefix}/var'
mandir='${datarootdir}/man'
mkdir_p='$(MKDIR_P)'
oldincludedir='/usr/include'
pdfdir='${docdir}'
prefix='/usr/local'
program_transform_name='s,x,x,'
psdir='${docdir}'
runstatedir='${localstatedir}/run'
sbindir='${exec_prefix}/sbin'
sharedstatedir='${prefix}/com'
sysconfdir='${prefix}/etc'
target_alias=''

## ----------- ##
## confdefs.h. ##
## ----------- ##

/* confdefs.h */
#define PACKAGE_NAME "asio"
#define PACKAGE_TARNAME "asio"
#define PACKAGE_VERSION "1.10.8"
#define PACKAGE_STRING "asio 1.10.8"
#define PACKAGE_BUGREPORT ""
#define PACKAGE_URL ""
#define PACKAGE "asio"
#define VERSION "1.10.8"
#define _REENTRANT 1
#define STDC_HEADERS 1
#define HAVE_SYS_TYPES_H 1
#define HAVE_SYS_STAT_H 1
#define HAVE_STDLIB_H 1
#define HAVE_STRING_H 1
#define HAVE_MEMORY_H 1
#define HAVE_STRINGS_H 1
#define HAVE_INTTYPES_H 1
#define HAVE_STDINT_H 1
#define HAVE_UNISTD_H 1

configure: exit 0
